Analysis & Synthesis report for RISCV
Sun May 25 20:49:02 2025
Quartus Prime Version 23.1std.0 Build 991 11/28/2023 SC Lite Edition


---------------------
; Table of Contents ;
---------------------
  1. Legal Notice
  2. Analysis & Synthesis Summary
  3. Analysis & Synthesis Settings
  4. Parallel Compilation
  5. Analysis & Synthesis Source Files Read
  6. Analysis & Synthesis Resource Usage Summary
  7. Analysis & Synthesis Resource Utilization by Entity
  8. General Register Statistics
  9. Port Connectivity Checks: "extend:EXT"
 10. Port Connectivity Checks: "control_unit:CU"
 11. Post-Synthesis Netlist Statistics for Top Partition
 12. Elapsed Time Per Partition
 13. Analysis & Synthesis Messages



----------------
; Legal Notice ;
----------------
Copyright (C) 2023  Intel Corporation. All rights reserved.
Your use of Intel Corporation's design tools, logic functions 
and other software and tools, and any partner logic 
functions, and any output files from any of the foregoing 
(including device programming or simulation files), and any 
associated documentation or information are expressly subject 
to the terms and conditions of the Intel Program License 
Subscription Agreement, the Intel Quartus Prime License Agreement,
the Intel FPGA IP License Agreement, or other applicable license
agreement, including, without limitation, that your use is for
the sole purpose of programming logic devices manufactured by
Intel and sold by Intel or its authorized distributors.  Please
refer to the applicable agreement for further details, at
https://fpgasoftware.intel.com/eula.



+-------------------------------------------------------------------------------------+
; Analysis & Synthesis Summary                                                        ;
+------------------------------------+------------------------------------------------+
; Analysis & Synthesis Status        ; Successful - Sun May 25 20:49:02 2025          ;
; Quartus Prime Version              ; 23.1std.0 Build 991 11/28/2023 SC Lite Edition ;
; Revision Name                      ; RISCV                                          ;
; Top-level Entity Name              ; singleCycleTop                                 ;
; Family                             ; MAX 10                                         ;
; Total logic elements               ; 0                                              ;
;     Total combinational functions  ; 0                                              ;
;     Dedicated logic registers      ; 0                                              ;
; Total registers                    ; 0                                              ;
; Total pins                         ; 1                                              ;
; Total virtual pins                 ; 0                                              ;
; Total memory bits                  ; 0                                              ;
; Embedded Multiplier 9-bit elements ; 0                                              ;
; Total PLLs                         ; 0                                              ;
; UFM blocks                         ; 0                                              ;
; ADC blocks                         ; 0                                              ;
+------------------------------------+------------------------------------------------+


+------------------------------------------------------------------------------------------------------------+
; Analysis & Synthesis Settings                                                                              ;
+------------------------------------------------------------------+--------------------+--------------------+
; Option                                                           ; Setting            ; Default Value      ;
+------------------------------------------------------------------+--------------------+--------------------+
; Device                                                           ; 10M50DAF484C7G     ;                    ;
; Top-level entity name                                            ; singleCycleTop     ; RISCV              ;
; Family name                                                      ; MAX 10             ; Cyclone V          ;
; Use smart compilation                                            ; Off                ; Off                ;
; Enable parallel Assembler and Timing Analyzer during compilation ; On                 ; On                 ;
; Enable compact report table                                      ; Off                ; Off                ;
; Restructure Multiplexers                                         ; Auto               ; Auto               ;
; Create Debugging Nodes for IP Cores                              ; Off                ; Off                ;
; Preserve fewer node names                                        ; On                 ; On                 ;
; Intel FPGA IP Evaluation Mode                                    ; Enable             ; Enable             ;
; Verilog Version                                                  ; Verilog_2001       ; Verilog_2001       ;
; VHDL Version                                                     ; VHDL_1993          ; VHDL_1993          ;
; State Machine Processing                                         ; Auto               ; Auto               ;
; Safe State Machine                                               ; Off                ; Off                ;
; Extract Verilog State Machines                                   ; On                 ; On                 ;
; Extract VHDL State Machines                                      ; On                 ; On                 ;
; Ignore Verilog initial constructs                                ; Off                ; Off                ;
; Iteration limit for constant Verilog loops                       ; 5000               ; 5000               ;
; Iteration limit for non-constant Verilog loops                   ; 250                ; 250                ;
; Add Pass-Through Logic to Inferred RAMs                          ; On                 ; On                 ;
; Infer RAMs from Raw Logic                                        ; On                 ; On                 ;
; Parallel Synthesis                                               ; On                 ; On                 ;
; DSP Block Balancing                                              ; Auto               ; Auto               ;
; NOT Gate Push-Back                                               ; On                 ; On                 ;
; Power-Up Don't Care                                              ; On                 ; On                 ;
; Remove Redundant Logic Cells                                     ; Off                ; Off                ;
; Remove Duplicate Registers                                       ; On                 ; On                 ;
; Ignore CARRY Buffers                                             ; Off                ; Off                ;
; Ignore CASCADE Buffers                                           ; Off                ; Off                ;
; Ignore GLOBAL Buffers                                            ; Off                ; Off                ;
; Ignore ROW GLOBAL Buffers                                        ; Off                ; Off                ;
; Ignore LCELL Buffers                                             ; Off                ; Off                ;
; Ignore SOFT Buffers                                              ; On                 ; On                 ;
; Limit AHDL Integers to 32 Bits                                   ; Off                ; Off                ;
; Optimization Technique                                           ; Balanced           ; Balanced           ;
; Carry Chain Length                                               ; 70                 ; 70                 ;
; Auto Carry Chains                                                ; On                 ; On                 ;
; Auto Open-Drain Pins                                             ; On                 ; On                 ;
; Perform WYSIWYG Primitive Resynthesis                            ; Off                ; Off                ;
; Auto ROM Replacement                                             ; On                 ; On                 ;
; Auto RAM Replacement                                             ; On                 ; On                 ;
; Auto DSP Block Replacement                                       ; On                 ; On                 ;
; Auto Shift Register Replacement                                  ; Auto               ; Auto               ;
; Allow Shift Register Merging across Hierarchies                  ; Auto               ; Auto               ;
; Auto Clock Enable Replacement                                    ; On                 ; On                 ;
; Strict RAM Replacement                                           ; Off                ; Off                ;
; Allow Synchronous Control Signals                                ; On                 ; On                 ;
; Force Use of Synchronous Clear Signals                           ; Off                ; Off                ;
; Auto RAM Block Balancing                                         ; On                 ; On                 ;
; Auto RAM to Logic Cell Conversion                                ; Off                ; Off                ;
; Auto Resource Sharing                                            ; Off                ; Off                ;
; Allow Any RAM Size For Recognition                               ; Off                ; Off                ;
; Allow Any ROM Size For Recognition                               ; Off                ; Off                ;
; Allow Any Shift Register Size For Recognition                    ; Off                ; Off                ;
; Use LogicLock Constraints during Resource Balancing              ; On                 ; On                 ;
; Ignore translate_off and synthesis_off directives                ; Off                ; Off                ;
; Timing-Driven Synthesis                                          ; On                 ; On                 ;
; Report Parameter Settings                                        ; On                 ; On                 ;
; Report Source Assignments                                        ; On                 ; On                 ;
; Report Connectivity Checks                                       ; On                 ; On                 ;
; Ignore Maximum Fan-Out Assignments                               ; Off                ; Off                ;
; Synchronization Register Chain Length                            ; 2                  ; 2                  ;
; Power Optimization During Synthesis                              ; Normal compilation ; Normal compilation ;
; HDL message level                                                ; Level2             ; Level2             ;
; Suppress Register Optimization Related Messages                  ; Off                ; Off                ;
; Number of Removed Registers Reported in Synthesis Report         ; 5000               ; 5000               ;
; Number of Swept Nodes Reported in Synthesis Report               ; 5000               ; 5000               ;
; Number of Inverted Registers Reported in Synthesis Report        ; 100                ; 100                ;
; Clock MUX Protection                                             ; On                 ; On                 ;
; Auto Gated Clock Conversion                                      ; Off                ; Off                ;
; Block Design Naming                                              ; Auto               ; Auto               ;
; SDC constraint protection                                        ; Off                ; Off                ;
; Synthesis Effort                                                 ; Auto               ; Auto               ;
; Shift Register Replacement - Allow Asynchronous Clear Signal     ; On                 ; On                 ;
; Pre-Mapping Resynthesis Optimization                             ; Off                ; Off                ;
; Analysis & Synthesis Message Level                               ; Medium             ; Medium             ;
; Disable Register Merging Across Hierarchies                      ; Auto               ; Auto               ;
; Resource Aware Inference For Block RAM                           ; On                 ; On                 ;
+------------------------------------------------------------------+--------------------+--------------------+


+------------------------------------------+
; Parallel Compilation                     ;
+----------------------------+-------------+
; Processors                 ; Number      ;
+----------------------------+-------------+
; Number detected on machine ; 20          ;
; Maximum allowed            ; 14          ;
;                            ;             ;
; Average used               ; 1.00        ;
; Maximum used               ; 1           ;
;                            ;             ;
; Usage by Processor         ; % Time Used ;
;     Processor 1            ; 100.0%      ;
+----------------------------+-------------+


+----------------------------------------------------------------------------------------------------------------------------------------------------------------------------------------------------------------------------------------+
; Analysis & Synthesis Source Files Read                                                                                                                                                                                                 ;
+----------------------------------+-----------------+---------------------------------------+---------------------------------------------------------------------------------------------------------------------------------+---------+
; File Name with User-Entered Path ; Used in Netlist ; File Type                             ; File Name with Absolute Path                                                                                                    ; Library ;
+----------------------------------+-----------------+---------------------------------------+---------------------------------------------------------------------------------------------------------------------------------+---------+
; instrMem.hex                     ; yes             ; User Hexadecimal (Intel-Format) File  ; D:/Documents/Tec/Profesional/4to Semestre/TE2003B Diseno de sistemas en chip/Ex RISC-V/RISC-V_SingleCycle/instrMem.hex          ;         ;
; main_decoder.v                   ; yes             ; User Verilog HDL File                 ; D:/Documents/Tec/Profesional/4to Semestre/TE2003B Diseno de sistemas en chip/Ex RISC-V/RISC-V_SingleCycle/main_decoder.v        ;         ;
; alu_decoder.v                    ; yes             ; User Verilog HDL File                 ; D:/Documents/Tec/Profesional/4to Semestre/TE2003B Diseno de sistemas en chip/Ex RISC-V/RISC-V_SingleCycle/alu_decoder.v         ;         ;
; register_file.v                  ; yes             ; User Verilog HDL File                 ; D:/Documents/Tec/Profesional/4to Semestre/TE2003B Diseno de sistemas en chip/Ex RISC-V/RISC-V_SingleCycle/register_file.v       ;         ;
; ALU.v                            ; yes             ; User Verilog HDL File                 ; D:/Documents/Tec/Profesional/4to Semestre/TE2003B Diseno de sistemas en chip/Ex RISC-V/RISC-V_SingleCycle/ALU.v                 ;         ;
; extend.v                         ; yes             ; User Verilog HDL File                 ; D:/Documents/Tec/Profesional/4to Semestre/TE2003B Diseno de sistemas en chip/Ex RISC-V/RISC-V_SingleCycle/extend.v              ;         ;
; control_unit.v                   ; yes             ; User Verilog HDL File                 ; D:/Documents/Tec/Profesional/4to Semestre/TE2003B Diseno de sistemas en chip/Ex RISC-V/RISC-V_SingleCycle/control_unit.v        ;         ;
; singleCycleTop.v                 ; yes             ; User Verilog HDL File                 ; D:/Documents/Tec/Profesional/4to Semestre/TE2003B Diseno de sistemas en chip/Ex RISC-V/RISC-V_SingleCycle/singleCycleTop.v      ;         ;
; data_memory.sv                   ; yes             ; User SystemVerilog HDL File           ; D:/Documents/Tec/Profesional/4to Semestre/TE2003B Diseno de sistemas en chip/Ex RISC-V/RISC-V_SingleCycle/data_memory.sv        ;         ;
; instruction_memory.sv            ; yes             ; User SystemVerilog HDL File           ; D:/Documents/Tec/Profesional/4to Semestre/TE2003B Diseno de sistemas en chip/Ex RISC-V/RISC-V_SingleCycle/instruction_memory.sv ;         ;
+----------------------------------+-----------------+---------------------------------------+---------------------------------------------------------------------------------------------------------------------------------+---------+


+-----------------------------------------------------+
; Analysis & Synthesis Resource Usage Summary         ;
+---------------------------------------------+-------+
; Resource                                    ; Usage ;
+---------------------------------------------+-------+
;                                             ;       ;
; Total combinational functions               ; 0     ;
; Logic element usage by number of LUT inputs ;       ;
;     -- 4 input functions                    ; 0     ;
;     -- 3 input functions                    ; 0     ;
;     -- <=2 input functions                  ; 0     ;
;                                             ;       ;
; Logic elements by mode                      ;       ;
;     -- normal mode                          ; 0     ;
;     -- arithmetic mode                      ; 0     ;
;                                             ;       ;
; Total registers                             ; 0     ;
;     -- Dedicated logic registers            ; 0     ;
;     -- I/O registers                        ; 0     ;
;                                             ;       ;
; I/O pins                                    ; 1     ;
;                                             ;       ;
; Embedded Multiplier 9-bit elements          ; 0     ;
;                                             ;       ;
; Maximum fan-out node                        ; clk   ;
; Maximum fan-out                             ; 1     ;
; Total fan-out                               ; 1     ;
; Average fan-out                             ; 0.50  ;
+---------------------------------------------+-------+


+---------------------------------------------------------------------------------------------------------------------------------------------------------------------------------------------------------------------------------------+
; Analysis & Synthesis Resource Utilization by Entity                                                                                                                                                                                   ;
+----------------------------+---------------------+---------------------------+-------------+------------+--------------+---------+-----------+------+--------------+------------+---------------------+----------------+--------------+
; Compilation Hierarchy Node ; Combinational ALUTs ; Dedicated Logic Registers ; Memory Bits ; UFM Blocks ; DSP Elements ; DSP 9x9 ; DSP 18x18 ; Pins ; Virtual Pins ; ADC blocks ; Full Hierarchy Name ; Entity Name    ; Library Name ;
+----------------------------+---------------------+---------------------------+-------------+------------+--------------+---------+-----------+------+--------------+------------+---------------------+----------------+--------------+
; |singleCycleTop            ; 0 (0)               ; 0 (0)                     ; 0           ; 0          ; 0            ; 0       ; 0         ; 1    ; 0            ; 0          ; |singleCycleTop     ; singleCycleTop ; work         ;
+----------------------------+---------------------+---------------------------+-------------+------------+--------------+---------+-----------+------+--------------+------------+---------------------+----------------+--------------+
Note: For table entries with two numbers listed, the numbers in parentheses indicate the number of resources of the given type used by the specific entity alone. The numbers listed outside of parentheses indicate the total resources of the given type used by the specific entity and all of its sub-entities in the hierarchy.


+------------------------------------------------------+
; General Register Statistics                          ;
+----------------------------------------------+-------+
; Statistic                                    ; Value ;
+----------------------------------------------+-------+
; Total registers                              ; 0     ;
; Number of registers using Synchronous Clear  ; 0     ;
; Number of registers using Synchronous Load   ; 0     ;
; Number of registers using Asynchronous Clear ; 0     ;
; Number of registers using Asynchronous Load  ; 0     ;
; Number of registers using Clock Enable       ; 0     ;
; Number of registers using Preset             ; 0     ;
+----------------------------------------------+-------+


+--------------------------------------------------------------------------------------------------------------------------------------------------------------------------------------+
; Port Connectivity Checks: "extend:EXT"                                                                                                                                               ;
+-----------+-------+----------+-------------------------------------------------------------------------------------------------------------------------------------------------------+
; Port      ; Type  ; Severity ; Details                                                                                                                                               ;
+-----------+-------+----------+-------------------------------------------------------------------------------------------------------------------------------------------------------+
; extend_in ; Input ; Warning  ; Input port expression (25 bits) is smaller than the input port (32 bits) it drives.  Extra input bit(s) "extend_in[31..25]" will be connected to GND. ;
+-----------+-------+----------+-------------------------------------------------------------------------------------------------------------------------------------------------------+


+---------------------------------------------------------------------------------------------------------------------------------------------------------------------------------------------------------+
; Port Connectivity Checks: "control_unit:CU"                                                                                                                                                             ;
+-----------+--------+----------+-------------------------------------------------------------------------------------------------------------------------------------------------------------------------+
; Port      ; Type   ; Severity ; Details                                                                                                                                                                 ;
+-----------+--------+----------+-------------------------------------------------------------------------------------------------------------------------------------------------------------------------+
; PCSrc     ; Output ; Warning  ; Output or bidir port (1 bits) is smaller than the port expression (32 bits) it drives.  The 31 most-significant bit(s) in the port expression will be connected to GND. ;
; PCSrc[-1] ; Output ; Info     ; Connected to dangling logic. Logic that only feeds a dangling port will be removed.                                                                                     ;
; ResultSrc ; Output ; Warning  ; Output or bidir port (2 bits) is wider than the port expression (1 bits) it drives; bit(s) "ResultSrc[1..1]" have no fanouts                                            ;
+-----------+--------+----------+-------------------------------------------------------------------------------------------------------------------------------------------------------------------------+


+-----------------------------------------------------+
; Post-Synthesis Netlist Statistics for Top Partition ;
+-------------------+---------------------------------+
; Type              ; Count                           ;
+-------------------+---------------------------------+
; boundary_port     ; 1                               ;
;                   ;                                 ;
; Max LUT depth     ; 0.00                            ;
; Average LUT depth ; 0.00                            ;
+-------------------+---------------------------------+


+-------------------------------+
; Elapsed Time Per Partition    ;
+----------------+--------------+
; Partition Name ; Elapsed Time ;
+----------------+--------------+
; Top            ; 00:00:00     ;
+----------------+--------------+


+-------------------------------+
; Analysis & Synthesis Messages ;
+-------------------------------+
Info: *******************************************************************
Info: Running Quartus Prime Analysis & Synthesis
    Info: Version 23.1std.0 Build 991 11/28/2023 SC Lite Edition
    Info: Processing started: Sun May 25 20:48:57 2025
Info: Command: quartus_map --read_settings_files=on --write_settings_files=off RISCV -c RISCV
Warning (18236): Number of processors has not been specified which may cause overloading on shared machines.  Set the global assignment NUM_PARALLEL_PROCESSORS in your QSF to an appropriate value for best performance.
Info (20030): Parallel compilation is enabled and will use 14 of the 14 processors detected
Info (12021): Found 1 design units, including 1 entities, in source file main_decoder.v
    Info (12023): Found entity 1: main_decoder File: D:/Documents/Tec/Profesional/4to Semestre/TE2003B Diseno de sistemas en chip/Ex RISC-V/RISC-V_SingleCycle/main_decoder.v Line: 1
Info (12021): Found 1 design units, including 1 entities, in source file alu_decoder.v
    Info (12023): Found entity 1: alu_decoder File: D:/Documents/Tec/Profesional/4to Semestre/TE2003B Diseno de sistemas en chip/Ex RISC-V/RISC-V_SingleCycle/alu_decoder.v Line: 1
Info (12021): Found 1 design units, including 1 entities, in source file main_decoder_tb.v
    Info (12023): Found entity 1: main_decoder_tb File: D:/Documents/Tec/Profesional/4to Semestre/TE2003B Diseno de sistemas en chip/Ex RISC-V/RISC-V_SingleCycle/main_decoder_tb.v Line: 3
Info (12021): Found 1 design units, including 1 entities, in source file register_file.v
    Info (12023): Found entity 1: register_file File: D:/Documents/Tec/Profesional/4to Semestre/TE2003B Diseno de sistemas en chip/Ex RISC-V/RISC-V_SingleCycle/register_file.v Line: 1
Info (12021): Found 1 design units, including 1 entities, in source file alu.v
    Info (12023): Found entity 1: ALU File: D:/Documents/Tec/Profesional/4to Semestre/TE2003B Diseno de sistemas en chip/Ex RISC-V/RISC-V_SingleCycle/ALU.v Line: 1
Info (12021): Found 1 design units, including 1 entities, in source file extend.v
    Info (12023): Found entity 1: extend File: D:/Documents/Tec/Profesional/4to Semestre/TE2003B Diseno de sistemas en chip/Ex RISC-V/RISC-V_SingleCycle/extend.v Line: 1
Info (12021): Found 1 design units, including 1 entities, in source file control_unit.v
    Info (12023): Found entity 1: control_unit File: D:/Documents/Tec/Profesional/4to Semestre/TE2003B Diseno de sistemas en chip/Ex RISC-V/RISC-V_SingleCycle/control_unit.v Line: 1
Info (12021): Found 1 design units, including 1 entities, in source file singlecycletop.v
    Info (12023): Found entity 1: singleCycleTop File: D:/Documents/Tec/Profesional/4to Semestre/TE2003B Diseno de sistemas en chip/Ex RISC-V/RISC-V_SingleCycle/singleCycleTop.v Line: 1
Info (12021): Found 1 design units, including 1 entities, in source file singlecycletop_tb.sv
    Info (12023): Found entity 1: singleCycleTop_tb File: D:/Documents/Tec/Profesional/4to Semestre/TE2003B Diseno de sistemas en chip/Ex RISC-V/RISC-V_SingleCycle/singleCycleTop_tb.sv Line: 3
Info (12021): Found 1 design units, including 1 entities, in source file data_memory.sv
    Info (12023): Found entity 1: data_memory File: D:/Documents/Tec/Profesional/4to Semestre/TE2003B Diseno de sistemas en chip/Ex RISC-V/RISC-V_SingleCycle/data_memory.sv Line: 1
Info (12021): Found 1 design units, including 1 entities, in source file instruction_memory.sv
    Info (12023): Found entity 1: instruction_memory File: D:/Documents/Tec/Profesional/4to Semestre/TE2003B Diseno de sistemas en chip/Ex RISC-V/RISC-V_SingleCycle/instruction_memory.sv Line: 1
Info (12127): Elaborating entity "singleCycleTop" for the top level hierarchy
Warning (10036): Verilog HDL or VHDL warning at singleCycleTop.v(8): object "PCTarget" assigned a value but never read File: D:/Documents/Tec/Profesional/4to Semestre/TE2003B Diseno de sistemas en chip/Ex RISC-V/RISC-V_SingleCycle/singleCycleTop.v Line: 8
Info (12128): Elaborating entity "instruction_memory" for hierarchy "instruction_memory:IM" File: D:/Documents/Tec/Profesional/4to Semestre/TE2003B Diseno de sistemas en chip/Ex RISC-V/RISC-V_SingleCycle/singleCycleTop.v Line: 32
Info (10648): Verilog HDL Display System Task info at instruction_memory.sv(12): instr_mem[0] = 00500293 File: D:/Documents/Tec/Profesional/4to Semestre/TE2003B Diseno de sistemas en chip/Ex RISC-V/RISC-V_SingleCycle/instruction_memory.sv Line: 12
Info (10648): Verilog HDL Display System Task info at instruction_memory.sv(13): instr_mem[1] = 00a00313 File: D:/Documents/Tec/Profesional/4to Semestre/TE2003B Diseno de sistemas en chip/Ex RISC-V/RISC-V_SingleCycle/instruction_memory.sv Line: 13
Info (10648): Verilog HDL Display System Task info at instruction_memory.sv(14): instr_mem[2] = 00628533 File: D:/Documents/Tec/Profesional/4to Semestre/TE2003B Diseno de sistemas en chip/Ex RISC-V/RISC-V_SingleCycle/instruction_memory.sv Line: 14
Warning (10030): Net "instr_mem.data_a" at instruction_memory.sv(8) has no driver or initial value, using a default initial value '0' File: D:/Documents/Tec/Profesional/4to Semestre/TE2003B Diseno de sistemas en chip/Ex RISC-V/RISC-V_SingleCycle/instruction_memory.sv Line: 8
Warning (10030): Net "instr_mem.waddr_a" at instruction_memory.sv(8) has no driver or initial value, using a default initial value '0' File: D:/Documents/Tec/Profesional/4to Semestre/TE2003B Diseno de sistemas en chip/Ex RISC-V/RISC-V_SingleCycle/instruction_memory.sv Line: 8
Warning (10030): Net "instr_mem.we_a" at instruction_memory.sv(8) has no driver or initial value, using a default initial value '0' File: D:/Documents/Tec/Profesional/4to Semestre/TE2003B Diseno de sistemas en chip/Ex RISC-V/RISC-V_SingleCycle/instruction_memory.sv Line: 8
Info (12128): Elaborating entity "control_unit" for hierarchy "control_unit:CU" File: D:/Documents/Tec/Profesional/4to Semestre/TE2003B Diseno de sistemas en chip/Ex RISC-V/RISC-V_SingleCycle/singleCycleTop.v Line: 47
Info (12128): Elaborating entity "main_decoder" for hierarchy "control_unit:CU|main_decoder:MD" File: D:/Documents/Tec/Profesional/4to Semestre/TE2003B Diseno de sistemas en chip/Ex RISC-V/RISC-V_SingleCycle/control_unit.v Line: 25
Info (12128): Elaborating entity "alu_decoder" for hierarchy "control_unit:CU|alu_decoder:AD" File: D:/Documents/Tec/Profesional/4to Semestre/TE2003B Diseno de sistemas en chip/Ex RISC-V/RISC-V_SingleCycle/control_unit.v Line: 34
Info (12128): Elaborating entity "extend" for hierarchy "extend:EXT" File: D:/Documents/Tec/Profesional/4to Semestre/TE2003B Diseno de sistemas en chip/Ex RISC-V/RISC-V_SingleCycle/singleCycleTop.v Line: 53
Warning (10240): Verilog HDL Always Construct warning at extend.v(16): inferring latch(es) for variable "aux_extend20", which holds its previous value in one or more paths through the always construct File: D:/Documents/Tec/Profesional/4to Semestre/TE2003B Diseno de sistemas en chip/Ex RISC-V/RISC-V_SingleCycle/extend.v Line: 16
Warning (10240): Verilog HDL Always Construct warning at extend.v(16): inferring latch(es) for variable "aux_extend", which holds its previous value in one or more paths through the always construct File: D:/Documents/Tec/Profesional/4to Semestre/TE2003B Diseno de sistemas en chip/Ex RISC-V/RISC-V_SingleCycle/extend.v Line: 16
Info (10041): Inferred latch for "aux_extend[0]" at extend.v(16) File: D:/Documents/Tec/Profesional/4to Semestre/TE2003B Diseno de sistemas en chip/Ex RISC-V/RISC-V_SingleCycle/extend.v Line: 16
Info (10041): Inferred latch for "aux_extend[1]" at extend.v(16) File: D:/Documents/Tec/Profesional/4to Semestre/TE2003B Diseno de sistemas en chip/Ex RISC-V/RISC-V_SingleCycle/extend.v Line: 16
Info (10041): Inferred latch for "aux_extend[2]" at extend.v(16) File: D:/Documents/Tec/Profesional/4to Semestre/TE2003B Diseno de sistemas en chip/Ex RISC-V/RISC-V_SingleCycle/extend.v Line: 16
Info (10041): Inferred latch for "aux_extend[3]" at extend.v(16) File: D:/Documents/Tec/Profesional/4to Semestre/TE2003B Diseno de sistemas en chip/Ex RISC-V/RISC-V_SingleCycle/extend.v Line: 16
Info (10041): Inferred latch for "aux_extend[4]" at extend.v(16) File: D:/Documents/Tec/Profesional/4to Semestre/TE2003B Diseno de sistemas en chip/Ex RISC-V/RISC-V_SingleCycle/extend.v Line: 16
Info (10041): Inferred latch for "aux_extend[5]" at extend.v(16) File: D:/Documents/Tec/Profesional/4to Semestre/TE2003B Diseno de sistemas en chip/Ex RISC-V/RISC-V_SingleCycle/extend.v Line: 16
Info (10041): Inferred latch for "aux_extend[6]" at extend.v(16) File: D:/Documents/Tec/Profesional/4to Semestre/TE2003B Diseno de sistemas en chip/Ex RISC-V/RISC-V_SingleCycle/extend.v Line: 16
Info (10041): Inferred latch for "aux_extend[7]" at extend.v(16) File: D:/Documents/Tec/Profesional/4to Semestre/TE2003B Diseno de sistemas en chip/Ex RISC-V/RISC-V_SingleCycle/extend.v Line: 16
Info (10041): Inferred latch for "aux_extend[8]" at extend.v(16) File: D:/Documents/Tec/Profesional/4to Semestre/TE2003B Diseno de sistemas en chip/Ex RISC-V/RISC-V_SingleCycle/extend.v Line: 16
Info (10041): Inferred latch for "aux_extend[9]" at extend.v(16) File: D:/Documents/Tec/Profesional/4to Semestre/TE2003B Diseno de sistemas en chip/Ex RISC-V/RISC-V_SingleCycle/extend.v Line: 16
Info (10041): Inferred latch for "aux_extend[10]" at extend.v(16) File: D:/Documents/Tec/Profesional/4to Semestre/TE2003B Diseno de sistemas en chip/Ex RISC-V/RISC-V_SingleCycle/extend.v Line: 16
Info (10041): Inferred latch for "aux_extend[11]" at extend.v(16) File: D:/Documents/Tec/Profesional/4to Semestre/TE2003B Diseno de sistemas en chip/Ex RISC-V/RISC-V_SingleCycle/extend.v Line: 16
Info (10041): Inferred latch for "aux_extend20[0]" at extend.v(16) File: D:/Documents/Tec/Profesional/4to Semestre/TE2003B Diseno de sistemas en chip/Ex RISC-V/RISC-V_SingleCycle/extend.v Line: 16
Info (10041): Inferred latch for "aux_extend20[1]" at extend.v(16) File: D:/Documents/Tec/Profesional/4to Semestre/TE2003B Diseno de sistemas en chip/Ex RISC-V/RISC-V_SingleCycle/extend.v Line: 16
Info (10041): Inferred latch for "aux_extend20[2]" at extend.v(16) File: D:/Documents/Tec/Profesional/4to Semestre/TE2003B Diseno de sistemas en chip/Ex RISC-V/RISC-V_SingleCycle/extend.v Line: 16
Info (10041): Inferred latch for "aux_extend20[3]" at extend.v(16) File: D:/Documents/Tec/Profesional/4to Semestre/TE2003B Diseno de sistemas en chip/Ex RISC-V/RISC-V_SingleCycle/extend.v Line: 16
Info (10041): Inferred latch for "aux_extend20[4]" at extend.v(16) File: D:/Documents/Tec/Profesional/4to Semestre/TE2003B Diseno de sistemas en chip/Ex RISC-V/RISC-V_SingleCycle/extend.v Line: 16
Info (10041): Inferred latch for "aux_extend20[5]" at extend.v(16) File: D:/Documents/Tec/Profesional/4to Semestre/TE2003B Diseno de sistemas en chip/Ex RISC-V/RISC-V_SingleCycle/extend.v Line: 16
Info (10041): Inferred latch for "aux_extend20[6]" at extend.v(16) File: D:/Documents/Tec/Profesional/4to Semestre/TE2003B Diseno de sistemas en chip/Ex RISC-V/RISC-V_SingleCycle/extend.v Line: 16
Info (10041): Inferred latch for "aux_extend20[7]" at extend.v(16) File: D:/Documents/Tec/Profesional/4to Semestre/TE2003B Diseno de sistemas en chip/Ex RISC-V/RISC-V_SingleCycle/extend.v Line: 16
Info (10041): Inferred latch for "aux_extend20[8]" at extend.v(16) File: D:/Documents/Tec/Profesional/4to Semestre/TE2003B Diseno de sistemas en chip/Ex RISC-V/RISC-V_SingleCycle/extend.v Line: 16
Info (10041): Inferred latch for "aux_extend20[9]" at extend.v(16) File: D:/Documents/Tec/Profesional/4to Semestre/TE2003B Diseno de sistemas en chip/Ex RISC-V/RISC-V_SingleCycle/extend.v Line: 16
Info (10041): Inferred latch for "aux_extend20[10]" at extend.v(16) File: D:/Documents/Tec/Profesional/4to Semestre/TE2003B Diseno de sistemas en chip/Ex RISC-V/RISC-V_SingleCycle/extend.v Line: 16
Info (10041): Inferred latch for "aux_extend20[11]" at extend.v(16) File: D:/Documents/Tec/Profesional/4to Semestre/TE2003B Diseno de sistemas en chip/Ex RISC-V/RISC-V_SingleCycle/extend.v Line: 16
Info (10041): Inferred latch for "aux_extend20[12]" at extend.v(16) File: D:/Documents/Tec/Profesional/4to Semestre/TE2003B Diseno de sistemas en chip/Ex RISC-V/RISC-V_SingleCycle/extend.v Line: 16
Info (10041): Inferred latch for "aux_extend20[13]" at extend.v(16) File: D:/Documents/Tec/Profesional/4to Semestre/TE2003B Diseno de sistemas en chip/Ex RISC-V/RISC-V_SingleCycle/extend.v Line: 16
Info (10041): Inferred latch for "aux_extend20[14]" at extend.v(16) File: D:/Documents/Tec/Profesional/4to Semestre/TE2003B Diseno de sistemas en chip/Ex RISC-V/RISC-V_SingleCycle/extend.v Line: 16
Info (10041): Inferred latch for "aux_extend20[15]" at extend.v(16) File: D:/Documents/Tec/Profesional/4to Semestre/TE2003B Diseno de sistemas en chip/Ex RISC-V/RISC-V_SingleCycle/extend.v Line: 16
Info (10041): Inferred latch for "aux_extend20[16]" at extend.v(16) File: D:/Documents/Tec/Profesional/4to Semestre/TE2003B Diseno de sistemas en chip/Ex RISC-V/RISC-V_SingleCycle/extend.v Line: 16
Info (10041): Inferred latch for "aux_extend20[17]" at extend.v(16) File: D:/Documents/Tec/Profesional/4to Semestre/TE2003B Diseno de sistemas en chip/Ex RISC-V/RISC-V_SingleCycle/extend.v Line: 16
Info (10041): Inferred latch for "aux_extend20[18]" at extend.v(16) File: D:/Documents/Tec/Profesional/4to Semestre/TE2003B Diseno de sistemas en chip/Ex RISC-V/RISC-V_SingleCycle/extend.v Line: 16
Info (10041): Inferred latch for "aux_extend20[19]" at extend.v(16) File: D:/Documents/Tec/Profesional/4to Semestre/TE2003B Diseno de sistemas en chip/Ex RISC-V/RISC-V_SingleCycle/extend.v Line: 16
Info (12128): Elaborating entity "register_file" for hierarchy "register_file:RF" File: D:/Documents/Tec/Profesional/4to Semestre/TE2003B Diseno de sistemas en chip/Ex RISC-V/RISC-V_SingleCycle/singleCycleTop.v Line: 64
Info (12128): Elaborating entity "ALU" for hierarchy "ALU:ALUM" File: D:/Documents/Tec/Profesional/4to Semestre/TE2003B Diseno de sistemas en chip/Ex RISC-V/RISC-V_SingleCycle/singleCycleTop.v Line: 72
Info (12128): Elaborating entity "data_memory" for hierarchy "data_memory:DM" File: D:/Documents/Tec/Profesional/4to Semestre/TE2003B Diseno de sistemas en chip/Ex RISC-V/RISC-V_SingleCycle/singleCycleTop.v Line: 80
Warning (12241): 2 hierarchies have connectivity warnings - see the Connectivity Checks report folder
Info (16010): Generating hard_block partition "hard_block:auto_generated_inst"
    Info (16011): Adding 0 node(s), including 0 DDIO, 0 PLL, 0 transceiver and 0 LCELL
Warning (21074): Design contains 1 input pin(s) that do not drive logic
    Warning (15610): No output dependent on input pin "clk" File: D:/Documents/Tec/Profesional/4to Semestre/TE2003B Diseno de sistemas en chip/Ex RISC-V/RISC-V_SingleCycle/singleCycleTop.v Line: 3
Info (21057): Implemented 1 device resources after synthesis - the final resource count might be different
    Info (21058): Implemented 1 input pins
    Info (21059): Implemented 0 output pins
Info: Quartus Prime Analysis & Synthesis was successful. 0 errors, 10 warnings
    Info: Peak virtual memory: 4736 megabytes
    Info: Processing ended: Sun May 25 20:49:02 2025
    Info: Elapsed time: 00:00:05
    Info: Total CPU time (on all processors): 00:00:02


